2023-04-06 13:03:09 - PHP Unknown:  Required parameter $store_id follows optional parameter $product_ids in D:\Server538\OpenServer\domains\oc3.loc\admin\model\extension\advertise\google.php on line 341
2023-04-06 13:03:09 - PHP Unknown:  Required parameter $store_id follows optional parameter $data in D:\Server538\OpenServer\domains\oc3.loc\admin\model\extension\advertise\google.php on line 413
2023-04-06 13:03:09 - PHP Warning:  googleshopping\Googleshopping::integer(): Argument #1 ($product_id) must be passed by reference, value given in D:\Server538\OpenServer\domains\oc3.loc\system\library\googleshopping\googleshopping.php on line 583
2023-04-06 13:03:09 - PHP Warning:  googleshopping\Googleshopping::integer(): Argument #1 ($product_id) must be passed by reference, value given in D:\Server538\OpenServer\domains\oc3.loc\system\library\googleshopping\googleshopping.php on line 583
2023-04-06 13:03:09 - PHP Warning:  googleshopping\Googleshopping::integer(): Argument #1 ($product_id) must be passed by reference, value given in D:\Server538\OpenServer\domains\oc3.loc\system\library\googleshopping\googleshopping.php on line 583
2023-04-06 13:03:09 - PHP Warning:  googleshopping\Googleshopping::integer(): Argument #1 ($product_id) must be passed by reference, value given in D:\Server538\OpenServer\domains\oc3.loc\system\library\googleshopping\googleshopping.php on line 583
2023-04-06 13:03:09 - PHP Warning:  googleshopping\Googleshopping::integer(): Argument #1 ($product_id) must be passed by reference, value given in D:\Server538\OpenServer\domains\oc3.loc\system\library\googleshopping\googleshopping.php on line 583
2023-04-06 13:03:09 - PHP Warning:  googleshopping\Googleshopping::integer(): Argument #1 ($product_id) must be passed by reference, value given in D:\Server538\OpenServer\domains\oc3.loc\system\library\googleshopping\googleshopping.php on line 583
2023-04-06 13:03:09 - PHP Warning:  googleshopping\Googleshopping::integer(): Argument #1 ($product_id) must be passed by reference, value given in D:\Server538\OpenServer\domains\oc3.loc\system\library\googleshopping\googleshopping.php on line 583
2023-04-06 13:03:09 - PHP Warning:  googleshopping\Googleshopping::integer(): Argument #1 ($product_id) must be passed by reference, value given in D:\Server538\OpenServer\domains\oc3.loc\system\library\googleshopping\googleshopping.php on line 583
2023-04-06 13:03:09 - PHP Warning:  googleshopping\Googleshopping::integer(): Argument #1 ($product_id) must be passed by reference, value given in D:\Server538\OpenServer\domains\oc3.loc\system\library\googleshopping\googleshopping.php on line 583
2023-04-06 13:03:09 - PHP Warning:  googleshopping\Googleshopping::integer(): Argument #1 ($product_id) must be passed by reference, value given in D:\Server538\OpenServer\domains\oc3.loc\system\library\googleshopping\googleshopping.php on line 583
2023-04-06 13:03:09 - PHP Warning:  googleshopping\Googleshopping::integer(): Argument #1 ($product_id) must be passed by reference, value given in D:\Server538\OpenServer\domains\oc3.loc\system\library\googleshopping\googleshopping.php on line 583
2023-04-06 13:03:09 - PHP Warning:  googleshopping\Googleshopping::integer(): Argument #1 ($product_id) must be passed by reference, value given in D:\Server538\OpenServer\domains\oc3.loc\system\library\googleshopping\googleshopping.php on line 583
2023-04-06 13:03:09 - PHP Warning:  googleshopping\Googleshopping::integer(): Argument #1 ($product_id) must be passed by reference, value given in D:\Server538\OpenServer\domains\oc3.loc\system\library\googleshopping\googleshopping.php on line 583
2023-04-06 13:03:09 - PHP Warning:  googleshopping\Googleshopping::integer(): Argument #1 ($product_id) must be passed by reference, value given in D:\Server538\OpenServer\domains\oc3.loc\system\library\googleshopping\googleshopping.php on line 583
2023-04-06 13:03:09 - PHP Warning:  googleshopping\Googleshopping::integer(): Argument #1 ($product_id) must be passed by reference, value given in D:\Server538\OpenServer\domains\oc3.loc\system\library\googleshopping\googleshopping.php on line 583
2023-04-06 13:03:09 - PHP Warning:  googleshopping\Googleshopping::integer(): Argument #1 ($product_id) must be passed by reference, value given in D:\Server538\OpenServer\domains\oc3.loc\system\library\googleshopping\googleshopping.php on line 583
2023-04-06 13:03:09 - PHP Warning:  googleshopping\Googleshopping::integer(): Argument #1 ($product_id) must be passed by reference, value given in D:\Server538\OpenServer\domains\oc3.loc\system\library\googleshopping\googleshopping.php on line 583
2023-04-06 13:03:09 - PHP Warning:  googleshopping\Googleshopping::integer(): Argument #1 ($product_id) must be passed by reference, value given in D:\Server538\OpenServer\domains\oc3.loc\system\library\googleshopping\googleshopping.php on line 583
2023-04-06 13:03:09 - PHP Warning:  googleshopping\Googleshopping::integer(): Argument #1 ($product_id) must be passed by reference, value given in D:\Server538\OpenServer\domains\oc3.loc\system\library\googleshopping\googleshopping.php on line 583
2023-04-06 13:03:09 - PHP Warning:  googleshopping\Googleshopping::integer(): Argument #1 ($product_id) must be passed by reference, value given in D:\Server538\OpenServer\domains\oc3.loc\system\library\googleshopping\googleshopping.php on line 583
2023-04-06 13:03:09 - PHP Warning:  googleshopping\Googleshopping::integer(): Argument #1 ($product_id) must be passed by reference, value given in D:\Server538\OpenServer\domains\oc3.loc\system\library\googleshopping\googleshopping.php on line 583
2023-04-06 13:03:09 - PHP Warning:  googleshopping\Googleshopping::integer(): Argument #1 ($product_id) must be passed by reference, value given in D:\Server538\OpenServer\domains\oc3.loc\system\library\googleshopping\googleshopping.php on line 583
2023-04-06 13:03:09 - PHP Warning:  googleshopping\Googleshopping::integer(): Argument #1 ($product_id) must be passed by reference, value given in D:\Server538\OpenServer\domains\oc3.loc\system\library\googleshopping\googleshopping.php on line 583
2023-04-06 13:03:09 - PHP Warning:  googleshopping\Googleshopping::integer(): Argument #1 ($product_id) must be passed by reference, value given in D:\Server538\OpenServer\domains\oc3.loc\system\library\googleshopping\googleshopping.php on line 583
2023-04-06 13:03:09 - PHP Warning:  googleshopping\Googleshopping::integer(): Argument #1 ($product_id) must be passed by reference, value given in D:\Server538\OpenServer\domains\oc3.loc\system\library\googleshopping\googleshopping.php on line 583
2023-04-06 13:03:09 - PHP Warning:  googleshopping\Googleshopping::integer(): Argument #1 ($product_id) must be passed by reference, value given in D:\Server538\OpenServer\domains\oc3.loc\system\library\googleshopping\googleshopping.php on line 583
2023-04-06 13:03:09 - PHP Warning:  googleshopping\Googleshopping::integer(): Argument #1 ($product_id) must be passed by reference, value given in D:\Server538\OpenServer\domains\oc3.loc\system\library\googleshopping\googleshopping.php on line 583
2023-04-06 13:03:09 - PHP Warning:  googleshopping\Googleshopping::integer(): Argument #1 ($product_id) must be passed by reference, value given in D:\Server538\OpenServer\domains\oc3.loc\system\library\googleshopping\googleshopping.php on line 583
2023-04-06 13:03:09 - PHP Warning:  googleshopping\Googleshopping::integer(): Argument #1 ($product_id) must be passed by reference, value given in D:\Server538\OpenServer\domains\oc3.loc\system\library\googleshopping\googleshopping.php on line 583
2023-04-06 13:03:09 - PHP Warning:  googleshopping\Googleshopping::integer(): Argument #1 ($product_id) must be passed by reference, value given in D:\Server538\OpenServer\domains\oc3.loc\system\library\googleshopping\googleshopping.php on line 583
2023-04-06 13:03:09 - PHP Warning:  googleshopping\Googleshopping::integer(): Argument #1 ($product_id) must be passed by reference, value given in D:\Server538\OpenServer\domains\oc3.loc\system\library\googleshopping\googleshopping.php on line 583
2023-04-06 13:03:09 - PHP Warning:  googleshopping\Googleshopping::integer(): Argument #1 ($product_id) must be passed by reference, value given in D:\Server538\OpenServer\domains\oc3.loc\system\library\googleshopping\googleshopping.php on line 583
2023-04-06 13:03:09 - PHP Warning:  googleshopping\Googleshopping::integer(): Argument #1 ($product_id) must be passed by reference, value given in D:\Server538\OpenServer\domains\oc3.loc\system\library\googleshopping\googleshopping.php on line 583
2023-04-06 13:03:09 - PHP Warning:  googleshopping\Googleshopping::integer(): Argument #1 ($product_id) must be passed by reference, value given in D:\Server538\OpenServer\domains\oc3.loc\system\library\googleshopping\googleshopping.php on line 583
2023-04-06 13:03:09 - PHP Warning:  googleshopping\Googleshopping::integer(): Argument #1 ($product_id) must be passed by reference, value given in D:\Server538\OpenServer\domains\oc3.loc\system\library\googleshopping\googleshopping.php on line 583
2023-04-06 13:03:09 - PHP Warning:  googleshopping\Googleshopping::integer(): Argument #1 ($product_id) must be passed by reference, value given in D:\Server538\OpenServer\domains\oc3.loc\system\library\googleshopping\googleshopping.php on line 583
2023-04-06 13:03:09 - PHP Warning:  googleshopping\Googleshopping::integer(): Argument #1 ($product_id) must be passed by reference, value given in D:\Server538\OpenServer\domains\oc3.loc\system\library\googleshopping\googleshopping.php on line 583
2023-04-06 13:03:09 - PHP Warning:  googleshopping\Googleshopping::integer(): Argument #1 ($product_id) must be passed by reference, value given in D:\Server538\OpenServer\domains\oc3.loc\system\library\googleshopping\googleshopping.php on line 583
2023-04-06 13:03:09 - PHP Warning:  googleshopping\Googleshopping::integer(): Argument #1 ($product_id) must be passed by reference, value given in D:\Server538\OpenServer\domains\oc3.loc\system\library\googleshopping\googleshopping.php on line 583
2023-04-06 13:03:09 - PHP Warning:  googleshopping\Googleshopping::integer(): Argument #1 ($product_id) must be passed by reference, value given in D:\Server538\OpenServer\domains\oc3.loc\system\library\googleshopping\googleshopping.php on line 583
2023-04-06 13:03:09 - PHP Warning:  googleshopping\Googleshopping::integer(): Argument #1 ($product_id) must be passed by reference, value given in D:\Server538\OpenServer\domains\oc3.loc\system\library\googleshopping\googleshopping.php on line 583
2023-04-06 13:03:09 - PHP Warning:  googleshopping\Googleshopping::integer(): Argument #1 ($product_id) must be passed by reference, value given in D:\Server538\OpenServer\domains\oc3.loc\system\library\googleshopping\googleshopping.php on line 583
2023-04-06 13:03:09 - PHP Warning:  googleshopping\Googleshopping::integer(): Argument #1 ($product_id) must be passed by reference, value given in D:\Server538\OpenServer\domains\oc3.loc\system\library\googleshopping\googleshopping.php on line 583
2023-04-06 13:03:09 - PHP Warning:  googleshopping\Googleshopping::integer(): Argument #1 ($product_id) must be passed by reference, value given in D:\Server538\OpenServer\domains\oc3.loc\system\library\googleshopping\googleshopping.php on line 583
2023-04-06 13:03:09 - PHP Warning:  googleshopping\Googleshopping::integer(): Argument #1 ($product_id) must be passed by reference, value given in D:\Server538\OpenServer\domains\oc3.loc\system\library\googleshopping\googleshopping.php on line 583
2023-04-06 13:03:09 - PHP Warning:  googleshopping\Googleshopping::integer(): Argument #1 ($product_id) must be passed by reference, value given in D:\Server538\OpenServer\domains\oc3.loc\system\library\googleshopping\googleshopping.php on line 583
2023-04-06 13:03:09 - PHP Warning:  googleshopping\Googleshopping::integer(): Argument #1 ($product_id) must be passed by reference, value given in D:\Server538\OpenServer\domains\oc3.loc\system\library\googleshopping\googleshopping.php on line 583
2023-04-06 13:03:09 - PHP Warning:  googleshopping\Googleshopping::integer(): Argument #1 ($product_id) must be passed by reference, value given in D:\Server538\OpenServer\domains\oc3.loc\system\library\googleshopping\googleshopping.php on line 583
2023-04-06 13:03:09 - PHP Warning:  googleshopping\Googleshopping::integer(): Argument #1 ($product_id) must be passed by reference, value given in D:\Server538\OpenServer\domains\oc3.loc\system\library\googleshopping\googleshopping.php on line 583
2023-04-06 13:03:09 - PHP Warning:  googleshopping\Googleshopping::integer(): Argument #1 ($product_id) must be passed by reference, value given in D:\Server538\OpenServer\domains\oc3.loc\system\library\googleshopping\googleshopping.php on line 583
2023-04-06 13:03:09 - PHP Warning:  googleshopping\Googleshopping::integer(): Argument #1 ($product_id) must be passed by reference, value given in D:\Server538\OpenServer\domains\oc3.loc\system\library\googleshopping\googleshopping.php on line 583
2023-04-06 13:03:09 - PHP Warning:  googleshopping\Googleshopping::integer(): Argument #1 ($product_id) must be passed by reference, value given in D:\Server538\OpenServer\domains\oc3.loc\system\library\googleshopping\googleshopping.php on line 583
2023-04-06 13:03:09 - PHP Warning:  googleshopping\Googleshopping::integer(): Argument #1 ($product_id) must be passed by reference, value given in D:\Server538\OpenServer\domains\oc3.loc\system\library\googleshopping\googleshopping.php on line 583
2023-04-06 13:03:09 - PHP Warning:  googleshopping\Googleshopping::integer(): Argument #1 ($product_id) must be passed by reference, value given in D:\Server538\OpenServer\domains\oc3.loc\system\library\googleshopping\googleshopping.php on line 583
2023-04-06 13:03:09 - PHP Warning:  googleshopping\Googleshopping::integer(): Argument #1 ($product_id) must be passed by reference, value given in D:\Server538\OpenServer\domains\oc3.loc\system\library\googleshopping\googleshopping.php on line 583
2023-04-06 13:03:09 - PHP Warning:  googleshopping\Googleshopping::integer(): Argument #1 ($product_id) must be passed by reference, value given in D:\Server538\OpenServer\domains\oc3.loc\system\library\googleshopping\googleshopping.php on line 583
2023-04-06 13:03:09 - PHP Warning:  googleshopping\Googleshopping::integer(): Argument #1 ($product_id) must be passed by reference, value given in D:\Server538\OpenServer\domains\oc3.loc\system\library\googleshopping\googleshopping.php on line 583
2023-04-06 13:03:09 - PHP Warning:  Cannot modify header information - headers already sent by (output started at D:\Server538\OpenServer\domains\oc3.loc\admin\controller\startup\error.php:34) in D:\Server538\OpenServer\domains\oc3.loc\system\library\response.php on line 36
2023-04-06 13:33:52 - PHP Unknown:  Using an "if" condition on "for" tag in "multishop/template/common/language.twig" at line 11 is deprecated since Twig 2.10.0, use a "filter" filter or an "if" condition inside the "for" body instead (if your condition depends on a variable updated inside the loop). in D:\Server538\OpenServer\domains\oc3.loc\system\storage\vendor\twig\twig\src\TokenParser\ForTokenParser.php on line 46
2023-04-06 13:34:55 - PHP Warning:  Undefined array key "language" in D:\Server538\OpenServer\domains\oc3.loc\system\storage\cache\template\5a\5a96a5d974a17ed70917991376423fa0eb92f7b680bb5c1d71216823ff9a9942.php on line 69
